[2025-07-23 16:56:41] INFO: Server is running on http://localhost:3001
[2025-07-23 17:01:49] INFO: Server is running on http://localhost:3001
[2025-07-23 17:01:58] INFO: Server is running on http://localhost:3001
[2025-07-23 17:02:49] INFO: Server is running on http://localhost:3001
[2025-07-23 17:02:56] INFO: Server is running on http://localhost:3001
[2025-07-23 17:03:28] INFO: Server is running on http://localhost:3001
[2025-07-23 17:03:58] INFO: Server is running on http://localhost:3001
[2025-07-23 17:05:55] INFO: Server is running on http://localhost:3001
[2025-07-23 17:05:59] INFO: Server is running on http://localhost:3001
[2025-07-23 17:07:00] INFO: Server is running on http://localhost:3001
[2025-07-23 17:07:07] INFO: Server is running on http://localhost:3001
[2025-07-23 17:07:08] INFO: Server is running on http://localhost:3001
[2025-07-23 17:08:25] INFO: Server is running on http://localhost:3001
[2025-07-23 17:08:49] INFO: Server is running on http://localhost:3001
[2025-07-23 17:08:53] INFO: Server is running on http://localhost:3001
[2025-07-23 17:09:00] INFO: Server is running on http://localhost:3001
[2025-07-23 17:10:08] INFO: Server is running on http://localhost:3001
[2025-07-23 17:10:12] INFO: Server is running on http://localhost:3001
[2025-07-23 17:10:20] INFO: Server is running on http://localhost:3001
[2025-07-23 17:10:31] INFO: Server is running on http://localhost:3001
[2025-07-23 17:16:51] INFO: Server is running on http://localhost:3001
[2025-07-23 17:20:08] INFO: Server is running on http://localhost:3001
[2025-07-23 17:30:41] INFO: Server is running on http://localhost:3001
[2025-07-23 17:30:46] INFO: Server is running on http://localhost:3001
[2025-07-23 17:33:19] INFO: Server is running on http://localhost:3001
[2025-07-23 17:34:17] INFO: Server is running on http://localhost:3001
[2025-07-23 17:34:54] INFO: Server is running on http://localhost:3001
[2025-07-23 17:35:02] INFO: Server is running on http://localhost:3001
[2025-07-23 17:35:28] INFO: Server is running on http://localhost:3001
[2025-07-23 17:35:54] INFO: Server is running on http://localhost:3001
[2025-07-23 17:35:57] INFO: Server is running on http://localhost:3001
[2025-07-23 17:36:16] INFO: Server is running on http://localhost:3001
[2025-07-23 17:37:02] INFO: Server is running on http://localhost:3001
[2025-07-23 17:37:18] INFO: Server is running on http://localhost:3001
[2025-07-23 17:37:19] INFO: Server is running on http://localhost:3001
[2025-07-23 17:37:42] INFO: Server is running on http://localhost:3001
[2025-07-23 17:46:53] INFO: Server is running on http://localhost:3001
[2025-07-23 17:46:59] INFO: Server is running on http://localhost:3001
[2025-07-23 17:47:13] INFO: Server is running on http://localhost:3001
[2025-07-23 17:48:01] INFO: Server is running on http://localhost:3001
[2025-07-23 17:48:11] INFO: Server is running on http://localhost:3001
[2025-07-23 17:48:24] INFO: Server is running on http://localhost:3001
[2025-07-23 17:49:25] INFO: Server is running on http://localhost:3001
[2025-07-23 18:08:52] INFO: Server is running on http://localhost:3001
[2025-07-23 18:09:01] INFO: Server is running on http://localhost:3001
[2025-07-23 18:10:15] INFO: Server is running on http://localhost:3001
[2025-07-23 18:10:21] INFO: Server is running on http://localhost:3001
[2025-07-23 18:15:15] INFO: Server is running on http://localhost:3001
[2025-07-23 18:15:24] INFO: Server is running on http://localhost:3001
[2025-07-23 18:16:29] INFO: Server is running on http://localhost:3001
[2025-07-23 18:19:40] INFO: Server is running on http://localhost:3001
[2025-07-23 18:20:23] INFO: Server is running on http://localhost:3001
[2025-07-23 18:20:32] INFO: Server is running on http://localhost:3001
[2025-07-23 18:22:11] INFO: Server is running on http://localhost:3001
[2025-07-23 18:22:25] INFO: Server is running on http://localhost:3001
[2025-07-23 18:23:08] INFO: Server is running on http://localhost:3001
[2025-07-23 18:23:30] INFO: Server is running on http://localhost:3001
[2025-07-23 18:24:28] INFO: Server is running on http://localhost:3001
[2025-07-23 18:24:33] INFO: Server is running on http://localhost:3001
[2025-07-23 18:26:13] INFO: Server is running on http://localhost:3001
[2025-07-23 18:27:17] INFO: Server is running on http://localhost:3001
[2025-07-23 18:27:19] INFO: Server is running on http://localhost:3001
[2025-07-23 18:27:38] INFO: Server is running on http://localhost:3001
[2025-07-23 18:31:07] INFO: Server is running on http://localhost:3001
[2025-07-23 18:32:42] INFO: Server is running on http://localhost:3001
[2025-07-24 11:43:09] INFO: Server is running on http://localhost:3001
[2025-07-24 14:23:37] INFO: Server is running on http://localhost:3001
[2025-07-24 14:24:01] INFO: Server is running on http://localhost:3001
[2025-07-24 14:26:34] INFO: Server is running on http://localhost:3001
[2025-07-24 14:28:04] INFO: Server is running on http://localhost:3001
[2025-07-24 14:30:16] INFO: Server is running on http://localhost:3001
[2025-07-24 14:30:57] INFO: Server is running on http://localhost:3001
[2025-07-24 14:32:04] INFO: Server is running on http://localhost:3001
[2025-07-24 14:32:16] INFO: Server is running on http://localhost:3001
[2025-07-24 14:32:28] INFO: Server is running on http://localhost:3001
[2025-07-24 14:32:49] INFO: Server is running on http://localhost:3001
[2025-07-24 14:34:59] INFO: Server is running on http://localhost:3001
[2025-07-24 14:37:11] INFO: Server is running on http://localhost:3001
[2025-07-24 14:45:46] INFO: Server is running on http://localhost:3001
[2025-07-24 14:46:09] INFO: Server is running on http://localhost:3001
[2025-07-24 14:46:58] INFO: Server is running on http://localhost:3001
[2025-07-24 14:47:26] INFO: Server is running on http://localhost:3001
[2025-07-24 14:47:29] INFO: Server is running on http://localhost:3001
[2025-07-24 14:49:35] INFO: Server is running on http://localhost:3001
[2025-07-24 14:49:39] INFO: Server is running on http://localhost:3001
[2025-07-24 14:51:09] INFO: Server is running on http://localhost:3001
[2025-07-24 14:52:16] INFO: Server is running on http://localhost:3001
[2025-07-24 14:52:46] INFO: Server is running on http://localhost:3001
[2025-07-24 14:54:21] INFO: Server is running on http://localhost:3001
[2025-07-24 14:54:30] INFO: Server is running on http://localhost:3001
[2025-07-24 14:54:44] INFO: Server is running on http://localhost:3001
[2025-07-24 14:54:47] INFO: Server is running on http://localhost:3001
[2025-07-24 14:54:53] INFO: Server is running on http://localhost:3001
[2025-07-24 14:56:06] INFO: Server is running on http://localhost:3001
[2025-07-24 14:56:10] INFO: Server is running on http://localhost:3001
[2025-07-24 14:56:19] INFO: Server is running on http://localhost:3001
[2025-07-24 14:57:58] INFO: Server is running on http://localhost:3001
[2025-07-24 14:58:27] INFO: Server is running on http://localhost:3001
[2025-07-24 15:21:07] INFO: Server is running on http://localhost:3001
[2025-07-24 15:21:30] INFO: Server is running on http://localhost:3001
[2025-07-24 15:24:43] INFO: Server is running on http://localhost:3001
[2025-07-24 15:25:30] INFO: Server is running on http://localhost:3001
[2025-07-24 15:25:51] INFO: Server is running on http://localhost:3001
[2025-07-24 15:25:58] INFO: Server is running on http://localhost:3001
[2025-07-24 15:26:07] INFO: Server is running on http://localhost:3001
[2025-07-24 15:26:11] INFO: Server is running on http://localhost:3001
[2025-07-24 15:26:31] INFO: Server is running on http://localhost:3001
[2025-07-24 15:34:23] INFO: Server is running on http://localhost:3001
[2025-07-24 15:35:38] INFO: Server is running on http://localhost:3001
[2025-07-24 15:48:25] INFO: Server is running on http://localhost:3001
[2025-07-24 15:50:33] INFO: Server is running on http://localhost:3001
[2025-07-24 15:58:29] INFO: Server is running on http://localhost:3001
[2025-07-24 15:58:50] INFO: Server is running on http://localhost:3001
[2025-07-24 15:59:21] INFO: Server is running on http://localhost:3001
[2025-07-24 16:00:57] INFO: Server is running on http://localhost:3001
[2025-07-24 16:01:12] INFO: Server is running on http://localhost:3001
[2025-07-24 16:02:02] INFO: Server is running on http://localhost:3001
[2025-07-24 16:05:04] INFO: Server is running on http://localhost:3001
[2025-07-24 16:05:14] INFO: Server is running on http://localhost:3001
[2025-07-24 16:06:25] INFO: Server is running on http://localhost:3001
[2025-07-24 16:06:34] INFO: Server is running on http://localhost:3001
[2025-07-24 16:07:03] INFO: Server is running on http://localhost:3001
[2025-07-24 16:21:12] INFO: Server is running on http://localhost:3001
[2025-07-24 16:22:48] INFO: Server is running on http://localhost:3001
[2025-07-24 16:23:04] INFO: Server is running on http://localhost:3001
[2025-07-24 16:23:29] INFO: Server is running on http://localhost:3001
[2025-07-24 16:23:38] INFO: Server is running on http://localhost:3001
[2025-07-24 16:25:15] INFO: Server is running on http://localhost:3001
[2025-07-24 16:25:25] INFO: Server is running on http://localhost:3001
[2025-07-24 16:25:34] INFO: Server is running on http://localhost:3001
[2025-07-24 16:25:54] INFO: Server is running on http://localhost:3001
[2025-07-24 16:26:53] INFO: Server is running on http://localhost:3001
[2025-07-24 16:27:00] INFO: Server is running on http://localhost:3001
[2025-07-24 16:29:04] INFO: Server is running on http://localhost:3001
[2025-07-24 16:30:51] INFO: Server is running on http://localhost:3001
[2025-07-24 16:33:20] INFO: Server is running on http://localhost:3001
[2025-07-24 16:33:36] INFO: Server is running on http://localhost:3001
[2025-07-24 16:43:18] INFO: Server is running on http://localhost:3001
[2025-07-24 16:43:22] INFO: Server is running on http://localhost:3001
[2025-07-24 16:45:27] INFO: Server is running on http://localhost:3001
[2025-07-24 16:53:01] INFO: Server is running on http://localhost:3001
[2025-07-24 16:57:28] INFO: Server is running on http://localhost:3001
[2025-07-24 16:57:55] INFO: Server is running on http://localhost:3001
[2025-07-24 16:58:02] INFO: Server is running on http://localhost:3001
[2025-07-24 16:59:04] INFO: Server is running on http://localhost:3001
[2025-07-24 16:59:15] INFO: Server is running on http://localhost:3001
[2025-07-24 16:59:37] INFO: Server is running on http://localhost:3001
[2025-07-24 17:02:40] INFO: Server is running on http://localhost:3001
[2025-07-24 17:04:55] INFO: Server is running on http://localhost:3001
[2025-07-24 17:05:00] INFO: Server is running on http://localhost:3001
[2025-07-24 17:05:43] INFO: Server is running on http://localhost:3001
[2025-07-24 17:06:03] INFO: Server is running on http://localhost:3001
[2025-07-24 17:06:24] INFO: Server is running on http://localhost:3001
[2025-07-24 17:06:28] INFO: Server is running on http://localhost:3001
[2025-07-24 17:11:03] INFO: Server is running on http://localhost:3001
[2025-07-24 17:12:00] INFO: Server is running on http://localhost:3001
[2025-07-24 17:12:10] INFO: Server is running on http://localhost:3001
[2025-07-24 17:12:20] INFO: Server is running on http://localhost:3001
[2025-07-24 17:12:49] INFO: Server is running on http://localhost:3001
[2025-07-24 17:12:59] INFO: Server is running on http://localhost:3001
[2025-07-24 17:16:06] INFO: Server is running on http://localhost:3001
[2025-07-24 17:18:57] INFO: Server is running on http://localhost:3001
[2025-07-24 17:19:04] INFO: Server is running on http://localhost:3001
[2025-07-24 17:19:11] INFO: Server is running on http://localhost:3001
[2025-07-24 17:19:49] INFO: Server is running on http://localhost:3001
[2025-07-24 17:20:35] INFO: Server is running on http://localhost:3001
[2025-07-24 17:23:18] INFO: Server is running on http://localhost:3001
[2025-07-24 17:24:15] INFO: Server is running on http://localhost:3001
[2025-07-24 17:25:43] INFO: Server is running on http://localhost:3001
[2025-07-24 17:25:46] INFO: Server is running on http://localhost:3001
[2025-07-24 17:25:53] INFO: Server is running on http://localhost:3001
[2025-07-24 17:26:51] INFO: Server is running on http://localhost:3001
[2025-07-25 09:33:07] INFO: Server is running on http://localhost:3001
[2025-07-25 09:43:46] INFO: Server is running on http://localhost:3001
[2025-07-25 09:45:57] INFO: Server is running on http://localhost:3001
[2025-07-25 09:46:20] INFO: Server is running on http://localhost:3001
[2025-07-25 09:46:28] INFO: Server is running on http://localhost:3001
[2025-07-25 09:46:40] INFO: Server is running on http://localhost:3001
[2025-07-25 09:46:58] INFO: Server is running on http://localhost:3001
[2025-07-25 09:47:07] INFO: Server is running on http://localhost:3001
[2025-07-25 09:47:29] INFO: Server is running on http://localhost:3001
[2025-07-25 09:48:32] INFO: Server is running on http://localhost:3001
[2025-07-25 09:48:44] INFO: Server is running on http://localhost:3001
[2025-07-25 09:49:05] INFO: Server is running on http://localhost:3001
[2025-07-25 09:49:07] INFO: Server is running on http://localhost:3001
[2025-07-25 09:49:13] INFO: Server is running on http://localhost:3001
[2025-07-25 09:55:19] INFO: Server is running on http://localhost:3001
[2025-07-25 09:55:43] INFO: Server is running on http://localhost:3001
[2025-07-25 09:55:49] INFO: Server is running on http://localhost:3001
[2025-07-25 09:57:14] INFO: Server is running on http://localhost:3001
[2025-07-25 09:57:49] INFO: Server is running on http://localhost:3001
[2025-07-25 09:58:33] INFO: Server is running on http://localhost:3001
[2025-07-25 10:03:01] INFO: Server is running on http://localhost:3001
[2025-07-25 10:03:44] INFO: Server is running on http://localhost:3001
[2025-07-25 10:04:50] INFO: Server is running on http://localhost:3001
[2025-07-25 10:05:06] INFO: Server is running on http://localhost:3001
[2025-07-25 10:23:49] INFO: Server is running on http://localhost:3001
[2025-07-25 10:24:02] INFO: Server is running on http://localhost:3001
[2025-07-25 11:06:29] INFO: Server is running on http://localhost:3001
[2025-07-25 11:06:51] INFO: Server is running on http://localhost:3001
[2025-07-25 11:13:24] INFO: Server is running on http://localhost:3001
[2025-07-25 11:14:07] INFO: Server is running on http://localhost:3001
[2025-07-25 11:20:36] INFO: Server is running on http://localhost:3001
[2025-07-25 11:27:31] INFO: Server is running on http://localhost:3001
[2025-07-25 11:28:56] INFO: Server is running on http://localhost:3001
[2025-07-25 14:06:58] INFO: Server is running on http://localhost:3001
[2025-07-25 14:07:45] INFO: Server is running on http://localhost:3001
[2025-07-25 14:13:05] INFO: Server is running on http://localhost:3001
[2025-07-25 14:13:38] INFO: Server is running on http://localhost:3001
[2025-07-25 14:14:58] INFO: Server is running on http://localhost:3001
[2025-07-25 14:16:48] INFO: Server is running on http://localhost:3001
[2025-07-25 14:20:50] INFO: Server is running on http://localhost:3001
[2025-07-25 14:24:47] INFO: Server is running on http://localhost:3001
[2025-07-25 14:29:06] INFO: Server is running on http://localhost:3001
[2025-07-25 14:29:27] INFO: Server is running on http://localhost:3001
[2025-07-25 14:29:34] INFO: Server is running on http://localhost:3001
[2025-07-25 14:31:37] INFO: Server is running on http://localhost:3001
[2025-07-25 14:31:44] INFO: Server is running on http://localhost:3001
[2025-07-25 14:32:16] INFO: Server is running on http://localhost:3001
[2025-07-25 14:32:37] INFO: Server is running on http://localhost:3001
[2025-07-25 14:33:09] INFO: Server is running on http://localhost:3001
[2025-07-25 14:42:52] INFO: Server is running on http://localhost:3001
[2025-07-25 14:49:28] INFO: Server is running on http://localhost:3001
[2025-07-25 14:52:26] INFO: Server is running on http://localhost:3001
[2025-07-25 14:52:52] INFO: Server is running on http://localhost:3001
[2025-07-25 14:52:58] INFO: Server is running on http://localhost:3001
[2025-07-25 15:05:54] INFO: Server is running on http://localhost:3001
[2025-07-25 15:09:40] INFO: Server is running on http://localhost:3001
[2025-07-25 15:11:12] INFO: Server is running on http://localhost:3001
[2025-07-25 15:11:45] INFO: Server is running on http://localhost:3001
[2025-07-25 15:19:05] INFO: Server is running on http://localhost:3001
[2025-07-25 15:19:30] INFO: Server is running on http://localhost:3001
[2025-07-25 15:35:35] INFO: Server is running on http://localhost:3001
[2025-07-25 15:36:17] INFO: Server is running on http://localhost:3001
[2025-07-25 16:00:06] INFO: Server is running on http://localhost:3001
[2025-07-25 16:02:11] INFO: Server is running on http://localhost:3001
[2025-07-25 16:04:23] INFO: Server is running on http://localhost:3001
[2025-07-25 16:04:31] INFO: Server is running on http://localhost:3001
[2025-07-25 16:04:42] INFO: Server is running on http://localhost:3001
[2025-07-25 16:05:38] INFO: Server is running on http://localhost:3001
[2025-07-25 16:05:45] INFO: Server is running on http://localhost:3001
[2025-07-25 16:06:36] INFO: Server is running on http://localhost:3001
[2025-07-25 16:06:43] INFO: Server is running on http://localhost:3001
[2025-07-25 16:06:47] INFO: Server is running on http://localhost:3001
[2025-07-25 16:07:33] INFO: Server is running on http://localhost:3001
[2025-07-25 16:43:57] INFO: Server is running on http://localhost:3001
[2025-07-25 16:46:00] INFO: Server is running on http://localhost:3001
[2025-07-25 16:51:49] INFO: Server is running on http://localhost:3001
[2025-07-25 17:02:26] INFO: Server is running on http://localhost:3001
[2025-07-25 17:06:21] INFO: Server is running on http://localhost:3001
[2025-07-25 17:17:59] INFO: Server is running on http://localhost:3001
[2025-07-25 17:18:18] INFO: Server is running on http://localhost:3001
[2025-07-25 17:23:02] INFO: Server is running on http://localhost:3001
[2025-07-25 17:24:18] INFO: Server is running on http://localhost:3001
[2025-07-25 17:27:22] INFO: Server is running on http://localhost:3001
[2025-07-25 17:39:52] INFO: Server is running on http://localhost:3001
[2025-07-25 17:45:53] INFO: Server is running on http://localhost:3001
[2025-07-25 17:49:22] INFO: Server is running on http://localhost:3001
[2025-07-25 18:00:31] INFO: Server is running on http://localhost:3001
[2025-07-25 18:00:39] INFO: Server is running on http://localhost:3001
[2025-07-25 18:01:58] INFO: Server is running on http://localhost:3001
[2025-07-25 18:06:51] INFO: Server is running on http://localhost:3001
[2025-07-25 18:07:20] INFO: Server is running on http://localhost:3001
[2025-07-25 18:07:50] INFO: Server is running on http://localhost:3001
[2025-07-25 18:08:33] INFO: Server is running on http://localhost:3001
[2025-07-25 18:10:00] INFO: Server is running on http://localhost:3001
[2025-07-25 18:10:07] INFO: Server is running on http://localhost:3001
[2025-07-25 18:10:34] INFO: Server is running on http://localhost:3001
[2025-07-25 18:11:47] INFO: Server is running on http://localhost:3001
[2025-07-25 18:12:23] INFO: Server is running on http://localhost:3001
[2025-07-25 18:13:57] INFO: Server is running on http://localhost:3001
[2025-07-25 18:14:15] INFO: Server is running on http://localhost:3001
[2025-07-28 09:28:54] INFO: Server is running on http://localhost:3001
[2025-07-28 09:54:20] INFO: Server is running on http://localhost:3001
[2025-07-28 09:57:07] INFO: Server is running on http://localhost:3001
[2025-07-28 09:57:54] INFO: Server is running on http://localhost:3001
[2025-07-28 09:58:14] INFO: Server is running on http://localhost:3001
[2025-07-28 09:59:14] INFO: Server is running on http://localhost:3001
[2025-07-28 17:49:56] INFO: Server is running on http://localhost:3001
[2025-07-28 17:51:37] INFO: Server is running on http://localhost:3001
[2025-07-28 17:56:13] INFO: Server is running on http://localhost:3001
[2025-07-28 17:58:42] INFO: Server is running on http://localhost:3001
[2025-07-28 17:58:54] ERROR: Non-Error thrown: {"name":"SequelizeValidationError","errors":[{"message":"Validation isEmail on email failed","type":"Validation error","path":"email","value":"lin+4","origin":"FUNCTION","instance":{"user_id":null,"email":"lin+4","password":"$2b$10$1gSqrZvXvwXxphZxhgFAhOLhbNVyrDHF1q7ZCDdFAVatuevjwxB9W","username":"lintran","updatedAt":"2025-07-28T10:58:54.686Z","createdAt":"2025-07-28T10:58:54.686Z"},"validatorKey":"isEmail","validatorName":"isEmail","validatorArgs":[{"allow_display_name":false,"allow_underscores":false,"require_display_name":false,"allow_utf8_local_part":true,"require_tld":true,"blacklisted_chars":"","ignore_max_length":false,"host_blacklist":[],"host_whitelist":[]}],"original":{"validatorName":"isEmail","validatorArgs":[{"allow_display_name":false,"allow_underscores":false,"require_display_name":false,"allow_utf8_local_part":true,"require_tld":true,"blacklisted_chars":"","ignore_max_length":false,"host_blacklist":[],"host_whitelist":[]}]}}]}
[2025-07-28 18:00:13] INFO: Server is running on http://localhost:3001
[2025-07-28 18:00:42] ERROR: Non-Error thrown: {"name":"SequelizeValidationError","errors":[{"message":"Validation isEmail on email failed","type":"Validation error","path":"email","value":"lin+4","origin":"FUNCTION","instance":{"user_id":null,"email":"lin+4","password":"$2b$10$120DQHBPxoux0YkGnvpKquRIaler4e0h7x05RhS6I.AI1hLqr8FuC","username":"lintran","updatedAt":"2025-07-28T11:00:42.792Z","createdAt":"2025-07-28T11:00:42.792Z"},"validatorKey":"isEmail","validatorName":"isEmail","validatorArgs":[{"allow_display_name":false,"allow_underscores":false,"require_display_name":false,"allow_utf8_local_part":true,"require_tld":true,"blacklisted_chars":"","ignore_max_length":false,"host_blacklist":[],"host_whitelist":[]}],"original":{"validatorName":"isEmail","validatorArgs":[{"allow_display_name":false,"allow_underscores":false,"require_display_name":false,"allow_utf8_local_part":true,"require_tld":true,"blacklisted_chars":"","ignore_max_length":false,"host_blacklist":[],"host_whitelist":[]}]}}]}
[2025-07-28 18:10:52] INFO: Server is running on http://localhost:3001
[2025-07-28 18:11:00] INFO: Server is running on http://localhost:3001
[2025-07-28 18:12:02] INFO: Server is running on http://localhost:3001
[2025-07-28 18:12:34] INFO: Server is running on http://localhost:3001
[2025-07-28 18:12:40] INFO: Server is running on http://localhost:3001
[2025-07-28 18:15:08] INFO: Server is running on http://localhost:3001
[2025-07-28 18:15:17] INFO: Server is running on http://localhost:3001
[2025-07-28 18:22:07] INFO: Server is running on http://localhost:3001
[2025-07-28 18:24:43] INFO: Server is running on http://localhost:3001
[2025-07-28 18:24:44] ERROR: Non-Error thrown: {"name":"SequelizeValidationError","errors":[{"message":"Validation isEmail on email failed","type":"Validation error","path":"email","value":"lin+4","origin":"FUNCTION","instance":{"user_id":null,"email":"lin+4","password":"$2b$10$04N8tngaUrIyKlisttngZOemy96nv25Ok3Y3G0cVmj0jxmWKizCNS","username":"lintran","updatedAt":"2025-07-28T11:24:44.097Z","createdAt":"2025-07-28T11:24:44.097Z"},"validatorKey":"isEmail","validatorName":"isEmail","validatorArgs":[{"allow_display_name":false,"allow_underscores":false,"require_display_name":false,"allow_utf8_local_part":true,"require_tld":true,"blacklisted_chars":"","ignore_max_length":false,"host_blacklist":[],"host_whitelist":[]}],"original":{"validatorName":"isEmail","validatorArgs":[{"allow_display_name":false,"allow_underscores":false,"require_display_name":false,"allow_utf8_local_part":true,"require_tld":true,"blacklisted_chars":"","ignore_max_length":false,"host_blacklist":[],"host_whitelist":[]}]}}]}
[2025-07-28 18:25:30] INFO: Server is running on http://localhost:3001
[2025-07-28 18:25:33] INFO: Server is running on http://localhost:3001
[2025-07-28 18:25:34] ERROR: Non-Error thrown: {"name":"SequelizeValidationError","errors":[{"message":"Validation isEmail on email failed","type":"Validation error","path":"email","value":"lin+4","origin":"FUNCTION","instance":{"user_id":null,"email":"lin+4","password":"$2b$10$2FyZlsX07IuL2Q6jfb0qF.KSie6.0wBXAa4eASeEOe32HFLL.Z0lO","username":"lintran","updatedAt":"2025-07-28T11:25:34.640Z","createdAt":"2025-07-28T11:25:34.640Z"},"validatorKey":"isEmail","validatorName":"isEmail","validatorArgs":[{"allow_display_name":false,"allow_underscores":false,"require_display_name":false,"allow_utf8_local_part":true,"require_tld":true,"blacklisted_chars":"","ignore_max_length":false,"host_blacklist":[],"host_whitelist":[]}],"original":{"validatorName":"isEmail","validatorArgs":[{"allow_display_name":false,"allow_underscores":false,"require_display_name":false,"allow_utf8_local_part":true,"require_tld":true,"blacklisted_chars":"","ignore_max_length":false,"host_blacklist":[],"host_whitelist":[]}]}}]}
[2025-07-28 18:26:25] ERROR: Non-Error thrown: {"name":"SequelizeValidationError","errors":[{"message":"Validation isEmail on email failed","type":"Validation error","path":"email","value":"lin+4","origin":"FUNCTION","instance":{"user_id":null,"email":"lin+4","password":"$2b$10$nzLUniS0TcMvLxbiehbAj.Z9iUtP6E0QUwDWD4wqUM.eb6BvhJzZW","username":"lintran","updatedAt":"2025-07-28T11:26:25.594Z","createdAt":"2025-07-28T11:26:25.594Z"},"validatorKey":"isEmail","validatorName":"isEmail","validatorArgs":[{"allow_display_name":false,"allow_underscores":false,"require_display_name":false,"allow_utf8_local_part":true,"require_tld":true,"blacklisted_chars":"","ignore_max_length":false,"host_blacklist":[],"host_whitelist":[]}],"original":{"validatorName":"isEmail","validatorArgs":[{"allow_display_name":false,"allow_underscores":false,"require_display_name":false,"allow_utf8_local_part":true,"require_tld":true,"blacklisted_chars":"","ignore_max_length":false,"host_blacklist":[],"host_whitelist":[]}]}}]}
[2025-07-28 18:27:30] INFO: Server is running on http://localhost:3001
[2025-07-28 18:30:21] ERROR: Validation error: Validation isEmail on email failed
[2025-07-28 18:32:21] INFO: Server is running on http://localhost:3001
[2025-07-28 18:32:41] INFO: Server is running on http://localhost:3001
[2025-07-28 18:32:56] INFO: Server is running on http://localhost:3001
[2025-07-28 18:35:56] INFO: Server is running on http://localhost:3001
[2025-07-28 18:39:12] INFO: Server is running on http://localhost:3001
[2025-07-28 18:39:34] INFO: Server is running on http://localhost:3001
[2025-07-28 18:39:35] ERROR: Validation error: Validation isEmail on email failed
[2025-07-28 18:39:43] INFO: Server is running on http://localhost:3001
[2025-07-28 18:39:45] ERROR: Validation error: Validation isEmail on email failed
[2025-07-28 18:40:12] INFO: Server is running on http://localhost:3001
[2025-07-28 18:40:13] ERROR: Validation error: Validation isEmail on email failed
[2025-07-28 18:40:37] INFO: Server is running on http://localhost:3001
[2025-07-28 18:43:16] INFO: Server is running on http://localhost:3001
[2025-07-28 18:44:54] INFO: Server is running on http://localhost:3001
[2025-07-28 18:44:56] INFO: Server is running on http://localhost:3001
[2025-07-28 18:45:12] INFO: Server is running on http://localhost:3001
[2025-07-28 18:45:14] INFO: Server is running on http://localhost:3001
[2025-07-28 18:45:24] INFO: Server is running on http://localhost:3001
[2025-07-28 18:47:13] INFO: Server is running on http://localhost:3001
[2025-07-28 18:47:15] INFO: Server is running on http://localhost:3001
[2025-07-28 18:47:18] INFO: Server is running on http://localhost:3001
[2025-07-28 18:47:45] INFO: Server is running on http://localhost:3001
[2025-07-28 18:48:03] INFO: Server is running on http://localhost:3001
[2025-07-28 18:50:53] INFO: Server is running on http://localhost:3001
[2025-07-28 18:53:00] INFO: Server is running on http://localhost:3001
[2025-07-28 18:53:07] INFO: Server is running on http://localhost:3001
[2025-07-28 18:53:59] INFO: Server is running on http://localhost:3001
[2025-07-28 18:54:32] INFO: Server is running on http://localhost:3001
[2025-07-28 18:54:54] INFO: Server is running on http://localhost:3001
[2025-07-28 18:55:33] INFO: Server is running on http://localhost:3001
[2025-07-28 18:58:04] INFO: Server is running on http://localhost:3001
[2025-07-28 18:59:32] INFO: Server is running on http://localhost:3001
[2025-07-28 19:00:58] INFO: Server is running on http://localhost:3001
[2025-07-28 19:01:42] INFO: Server is running on http://localhost:3001
[2025-07-28 19:02:08] INFO: Server is running on http://localhost:3001
[2025-07-28 19:05:20] INFO: Server is running on http://localhost:3001
[2025-07-28 19:08:46] INFO: Server is running on http://localhost:3001
[2025-07-28 19:09:17] INFO: Server is running on http://localhost:3001
[2025-07-28 19:09:43] INFO: Server is running on http://localhost:3001
